<?xml version="1.0" encoding="UTF-8"?>
<!-- Generated by org.testng.reporters.JUnitXMLReporter -->
<testsuite hostname="DESKTOP-21167EL" ignored="1" name="Default test" tests="5" failures="0" timestamp="11 Mar 2021 17:50:43 GMT" time="13.22" errors="0">
  <testcase name="applinkTest" time="1.722" classname="com.qa.zeerodha.PagesTest.HomepageTest"/>
  <testcase name="gettitle" time="0.017" classname="com.qa.zeerodha.PagesTest.HomepageTest"/>
  <testcase name="orderlinkTest" time="0.105" classname="com.qa.zeerodha.PagesTest.HomepageTest"/>
  <testcase name="sellqntyTest" time="0.638" classname="com.qa.zeerodha.PagesTest.HomepageTest"/>
  <testcase name="userProfile" time="0.059" classname="com.qa.zeerodha.PagesTest.HomepageTest"/>
  <testcase name="userbtTest" time="0.0" classname="com.qa.zeerodha.PagesTest.HomepageTest">
    <ignored/>
  </testcase> <!-- userbtTest -->
</testsuite> <!-- Default test -->
