<?xml version="1.0" encoding="UTF-8"?>
<testng-results skipped="0" failed="0" ignored="1" total="6" passed="5">
  <reporter-output>
  </reporter-output>
  <suite name="Default suite" duration-ms="13220" started-at="2021-03-11T17:50:30Z" finished-at="2021-03-11T17:50:43Z">
    <groups>
    </groups>
    <test name="Default test" duration-ms="13220" started-at="2021-03-11T17:50:30Z" finished-at="2021-03-11T17:50:43Z">
      <class name="com.qa.zeerodha.PagesTest.HomepageTest">
        <test-method status="PASS" signature="setup()[pri:0, instance:com.qa.zeerodha.PagesTest.HomepageTest@6b19b79]" name="setup" is-config="true" duration-ms="6562" started-at="2021-03-11T17:50:30Z" finished-at="2021-03-11T17:50:37Z">
          <reporter-output>
          </reporter-output>
        </test-method> <!-- setup -->
        <test-method status="PASS" signature="applinkTest()[pri:0, instance:com.qa.zeerodha.PagesTest.HomepageTest@6b19b79]" name="applinkTest" duration-ms="1722" started-at="2021-03-11T17:50:37Z" finished-at="2021-03-11T17:50:39Z">
          <reporter-output>
          </reporter-output>
        </test-method> <!-- applinkTest -->
        <test-method status="PASS" signature="gettitle()[pri:0, instance:com.qa.zeerodha.PagesTest.HomepageTest@6b19b79]" name="gettitle" duration-ms="17" started-at="2021-03-11T17:50:39Z" finished-at="2021-03-11T17:50:39Z">
          <reporter-output>
          </reporter-output>
        </test-method> <!-- gettitle -->
        <test-method status="PASS" signature="orderlinkTest()[pri:0, instance:com.qa.zeerodha.PagesTest.HomepageTest@6b19b79]" name="orderlinkTest" duration-ms="105" started-at="2021-03-11T17:50:39Z" finished-at="2021-03-11T17:50:39Z">
          <reporter-output>
          </reporter-output>
        </test-method> <!-- orderlinkTest -->
        <test-method status="PASS" signature="sellqntyTest()[pri:0, instance:com.qa.zeerodha.PagesTest.HomepageTest@6b19b79]" name="sellqntyTest" duration-ms="638" started-at="2021-03-11T17:50:39Z" finished-at="2021-03-11T17:50:39Z">
          <reporter-output>
          </reporter-output>
        </test-method> <!-- sellqntyTest -->
        <test-method status="PASS" signature="userProfile()[pri:0, instance:com.qa.zeerodha.PagesTest.HomepageTest@6b19b79]" name="userProfile" duration-ms="59" started-at="2021-03-11T17:50:39Z" finished-at="2021-03-11T17:50:39Z">
          <reporter-output>
          </reporter-output>
        </test-method> <!-- userProfile -->
        <test-method status="PASS" signature="teardown()[pri:0, instance:com.qa.zeerodha.PagesTest.HomepageTest@6b19b79]" name="teardown" is-config="true" duration-ms="3900" started-at="2021-03-11T17:50:39Z" finished-at="2021-03-11T17:50:43Z">
          <reporter-output>
          </reporter-output>
        </test-method> <!-- teardown -->
      </class> <!-- com.qa.zeerodha.PagesTest.HomepageTest -->
    </test> <!-- Default test -->
  </suite> <!-- Default suite -->
</testng-results>
